{"level":"info","message":"Solana Connection Established","timestamp":"2025-02-14T19:50:26.867Z"}
{"level":"info","message":"Fetching recent token mints...","timestamp":"2025-02-14T19:50:33.198Z"}
{"level":"info","message":"Fetching meme coins from Helius API...","timestamp":"2025-02-14T19:50:33.209Z"}
{"level":"info","message":"Found 10 recent transactions","timestamp":"2025-02-14T19:50:33.667Z"}
{"level":"info","message":"Meme coins fetched successfully","timestamp":"2025-02-14T19:50:33.975Z"}
{"level":"info","message":"New Token Mint Found!","timestamp":"2025-02-14T19:50:34.988Z"}
{"level":"info","message":"Mint Address: So11111111111111111111111111111111111111112","timestamp":"2025-02-14T19:50:34.989Z"}
{"level":"info","message":"Token Name: Wrapped SOL (SOL)","timestamp":"2025-02-14T19:50:34.990Z"}
{"level":"info","message":"Total Supply: 0.042414502","timestamp":"2025-02-14T19:50:34.990Z"}
{"level":"info","message":"------------------------------------","timestamp":"2025-02-14T19:50:34.990Z"}
{"level":"info","message":"New Token Mint Found!","timestamp":"2025-02-14T19:50:35.842Z"}
{"level":"info","message":"Mint Address: EPjFWdd5AufqSSqeM2qN1xzybapC8G4wEGGkZwyTDt1v","timestamp":"2025-02-14T19:50:35.842Z"}
{"level":"info","message":"Token Name: USD Coin (USDC)","timestamp":"2025-02-14T19:50:35.843Z"}
{"level":"info","message":"Total Supply: 99510.024464","timestamp":"2025-02-14T19:50:35.843Z"}
{"level":"info","message":"------------------------------------","timestamp":"2025-02-14T19:50:35.843Z"}
{"level":"info","message":"New Token Mint Found!","timestamp":"2025-02-14T19:50:37.774Z"}
{"level":"info","message":"Mint Address: EPjFWdd5AufqSSqeM2qN1xzybapC8G4wEGGkZwyTDt1v","timestamp":"2025-02-14T19:50:37.775Z"}
{"level":"info","message":"Token Name: USD Coin (USDC)","timestamp":"2025-02-14T19:50:37.775Z"}
{"level":"info","message":"Total Supply: 0.072732","timestamp":"2025-02-14T19:50:37.776Z"}
{"level":"info","message":"------------------------------------","timestamp":"2025-02-14T19:50:37.776Z"}
{"level":"info","message":"Fetching recent token mints...","timestamp":"2025-02-14T19:50:39.203Z"}
{"level":"info","message":"Fetching meme coins from Helius API...","timestamp":"2025-02-14T19:50:39.214Z"}
{"level":"info","message":"New Token Mint Found!","timestamp":"2025-02-14T19:50:39.576Z"}
{"level":"info","message":"Mint Address: So11111111111111111111111111111111111111112","timestamp":"2025-02-14T19:50:39.577Z"}
{"level":"info","message":"Token Name: Wrapped SOL (SOL)","timestamp":"2025-02-14T19:50:39.577Z"}
{"level":"info","message":"Total Supply: 0.042414502","timestamp":"2025-02-14T19:50:39.577Z"}
{"level":"info","message":"------------------------------------","timestamp":"2025-02-14T19:50:39.577Z"}
{"level":"info","message":"Meme coins fetched successfully","timestamp":"2025-02-14T19:50:39.723Z"}
{"level":"info","message":"Found 10 recent transactions","timestamp":"2025-02-14T19:50:39.814Z"}
{"level":"info","message":"New Token Mint Found!","timestamp":"2025-02-14T19:50:41.686Z"}
{"level":"info","message":"Mint Address: D5EkPjfMtMK9X6Y3oUKrWEY4hvihvoAjcTYdGCbdpump","timestamp":"2025-02-14T19:50:41.687Z"}
{"level":"info","message":"Token Name: PEAGLE (PEAGLE)","timestamp":"2025-02-14T19:50:41.687Z"}
{"level":"info","message":"Total Supply: 328659984.667709","timestamp":"2025-02-14T19:50:41.687Z"}
{"level":"info","message":"------------------------------------","timestamp":"2025-02-14T19:50:41.688Z"}
{"level":"info","message":"Fetching recent token mints...","timestamp":"2025-02-14T19:50:45.205Z"}
{"level":"info","message":"Fetching meme coins from Helius API...","timestamp":"2025-02-14T19:50:45.215Z"}
{"level":"info","message":"Found 10 recent transactions","timestamp":"2025-02-14T19:50:45.479Z"}
{"level":"info","message":"Meme coins fetched successfully","timestamp":"2025-02-14T19:50:46.004Z"}
{"level":"info","message":"New Token Mint Found!","timestamp":"2025-02-14T19:50:48.758Z"}
{"level":"info","message":"Mint Address: EPjFWdd5AufqSSqeM2qN1xzybapC8G4wEGGkZwyTDt1v","timestamp":"2025-02-14T19:50:48.759Z"}
{"level":"info","message":"Token Name: USD Coin (USDC)","timestamp":"2025-02-14T19:50:48.759Z"}
{"level":"info","message":"Total Supply: 142158.176386","timestamp":"2025-02-14T19:50:48.760Z"}
{"level":"info","message":"------------------------------------","timestamp":"2025-02-14T19:50:48.760Z"}
{"level":"info","message":"Fetching recent token mints...","timestamp":"2025-02-14T19:50:51.218Z"}
{"level":"info","message":"Fetching meme coins from Helius API...","timestamp":"2025-02-14T19:50:51.221Z"}
{"level":"info","message":"Found 10 recent transactions","timestamp":"2025-02-14T19:50:51.625Z"}
{"level":"info","message":"Meme coins fetched successfully","timestamp":"2025-02-14T19:50:51.977Z"}
{"level":"info","message":"New Token Mint Found!","timestamp":"2025-02-14T19:50:52.181Z"}
{"level":"info","message":"Mint Address: 7G96AG6bjBvb992XCfPZo9MoPkpTspC61JGRC25YWgK5","timestamp":"2025-02-14T19:50:52.181Z"}
{"level":"info","message":"Token Name: Artificial Isle Clams (clams)","timestamp":"2025-02-14T19:50:52.182Z"}
{"level":"info","message":"Total Supply: 4019.713","timestamp":"2025-02-14T19:50:52.182Z"}
{"level":"info","message":"------------------------------------","timestamp":"2025-02-14T19:50:52.182Z"}
{"level":"info","message":"New Token Mint Found!","timestamp":"2025-02-14T19:50:54.708Z"}
{"level":"info","message":"Mint Address: 5oYMXRQESjr1n4gDaqeoDZ4NFi8QnSeW2hXP8p4gpump","timestamp":"2025-02-14T19:50:54.709Z"}
{"level":"info","message":"Token Name: Pi (Pi)","timestamp":"2025-02-14T19:50:54.709Z"}
{"level":"info","message":"Total Supply: 171214138.819732","timestamp":"2025-02-14T19:50:54.710Z"}
{"level":"info","message":"------------------------------------","timestamp":"2025-02-14T19:50:54.710Z"}
{"level":"info","message":"Solana Connection Established","timestamp":"2025-02-14T20:01:20.777Z"}
{"level":"info","message":"Fetching recent token mints...","timestamp":"2025-02-14T20:01:27.110Z"}
{"level":"info","message":"Fetching meme coins from Helius API...","timestamp":"2025-02-14T20:01:27.120Z"}
{"level":"info","message":"Found 10 recent transactions","timestamp":"2025-02-14T20:01:27.649Z"}
{"level":"info","message":"Meme coins fetched successfully","timestamp":"2025-02-14T20:01:27.994Z"}
{"level":"info","message":"Skipping stablecoin: Wrapped SOL (SOL)","timestamp":"2025-02-14T20:01:29.057Z"}
{"level":"info","message":"New Meme Coin Mint Found!","timestamp":"2025-02-14T20:01:29.907Z"}
{"level":"info","message":"Mint Address: MEFNBXixkEbait3xn9bkm8WsJzXtVsaJEn4c8Sam21u","timestamp":"2025-02-14T20:01:29.907Z"}
{"level":"info","message":"Token Name: Magic Eden (ME)","timestamp":"2025-02-14T20:01:29.908Z"}
{"level":"info","message":"Total Supply: 400.000971","timestamp":"2025-02-14T20:01:29.908Z"}
{"level":"info","message":"------------------------------------","timestamp":"2025-02-14T20:01:29.909Z"}
{"level":"info","message":"New Meme Coin Mint Found!","timestamp":"2025-02-14T20:01:31.027Z"}
{"level":"info","message":"Mint Address: 3TCyte7aWgSkfUHogKKkY3FNTJ26h4sZffSWnRDWpump","timestamp":"2025-02-14T20:01:31.028Z"}
{"level":"info","message":"Token Name: You only need 6 (APPS)","timestamp":"2025-02-14T20:01:31.028Z"}
{"level":"info","message":"Total Supply: null","timestamp":"2025-02-14T20:01:31.029Z"}
{"level":"info","message":"------------------------------------","timestamp":"2025-02-14T20:01:31.029Z"}
{"level":"info","message":"Fetching recent token mints...","timestamp":"2025-02-14T20:01:33.113Z"}
{"level":"info","message":"Fetching meme coins from Helius API...","timestamp":"2025-02-14T20:01:33.128Z"}
{"level":"info","message":"Found 10 recent transactions","timestamp":"2025-02-14T20:01:33.531Z"}
{"level":"info","message":"Meme coins fetched successfully","timestamp":"2025-02-14T20:01:33.611Z"}
{"level":"info","message":"New Meme Coin Mint Found!","timestamp":"2025-02-14T20:01:34.672Z"}
{"level":"info","message":"Mint Address: MEFNBXixkEbait3xn9bkm8WsJzXtVsaJEn4c8Sam21u","timestamp":"2025-02-14T20:01:34.673Z"}
{"level":"info","message":"Token Name: Magic Eden (ME)","timestamp":"2025-02-14T20:01:34.673Z"}
{"level":"info","message":"Total Supply: 1545.349057","timestamp":"2025-02-14T20:01:34.674Z"}
{"level":"info","message":"------------------------------------","timestamp":"2025-02-14T20:01:34.674Z"}
{"level":"info","message":"Fetching recent token mints...","timestamp":"2025-02-14T20:01:39.113Z"}
{"level":"info","message":"Fetching meme coins from Helius API...","timestamp":"2025-02-14T20:01:39.142Z"}
{"level":"info","message":"Found 10 recent transactions","timestamp":"2025-02-14T20:01:39.391Z"}
{"level":"info","message":"Meme coins fetched successfully","timestamp":"2025-02-14T20:01:39.626Z"}
{"level":"info","message":"New Meme Coin Mint Found!","timestamp":"2025-02-14T20:01:40.484Z"}
{"level":"info","message":"Mint Address: 2oZ2j7LhtNiYjyHG2mU58nihdKt7i1kH4etW8sgeqLoG","timestamp":"2025-02-14T20:01:40.485Z"}
{"level":"info","message":"Token Name: cupidishorny (CUPID)","timestamp":"2025-02-14T20:01:40.485Z"}
{"level":"info","message":"Total Supply: null","timestamp":"2025-02-14T20:01:40.485Z"}
{"level":"info","message":"------------------------------------","timestamp":"2025-02-14T20:01:40.486Z"}
{"level":"info","message":"New Meme Coin Mint Found!","timestamp":"2025-02-14T20:01:41.292Z"}
{"level":"info","message":"Mint Address: RhvrvXsc179usp5fstjzXUPqmYXp3UNuuFuWUEApump","timestamp":"2025-02-14T20:01:41.293Z"}
{"level":"info","message":"Token Name: Nyx Ai (Nyx)","timestamp":"2025-02-14T20:01:41.293Z"}
{"level":"info","message":"Total Supply: 269109.160725734","timestamp":"2025-02-14T20:01:41.293Z"}
{"level":"info","message":"------------------------------------","timestamp":"2025-02-14T20:01:41.294Z"}
{"level":"info","message":"Skipping stablecoin: Wrapped SOL (SOL)","timestamp":"2025-02-14T20:01:42.622Z"}
{"level":"info","message":"Skipping stablecoin: Wrapped SOL (SOL)","timestamp":"2025-02-14T20:01:43.744Z"}
{"level":"info","message":"Fetching recent token mints...","timestamp":"2025-02-14T20:01:45.115Z"}
{"level":"info","message":"Fetching meme coins from Helius API...","timestamp":"2025-02-14T20:01:45.144Z"}
{"level":"info","message":"Found 10 recent transactions","timestamp":"2025-02-14T20:01:45.572Z"}
{"level":"info","message":"Meme coins fetched successfully","timestamp":"2025-02-14T20:01:45.929Z"}
{"level":"info","message":"Skipping stablecoin: Wrapped SOL (SOL)","timestamp":"2025-02-14T20:01:48.065Z"}
{"level":"info","message":"New Meme Coin Mint Found!","timestamp":"2025-02-14T20:01:49.069Z"}
{"level":"info","message":"Mint Address: h5NciPdMZ5QCB5BYETJMYBMpVx9ZuitR6HcVjyBhood","timestamp":"2025-02-14T20:01:49.069Z"}
{"level":"info","message":"Token Name: Robinhood (HOOD)","timestamp":"2025-02-14T20:01:49.069Z"}
{"level":"info","message":"Total Supply: 1215635145.894765","timestamp":"2025-02-14T20:01:49.070Z"}
{"level":"info","message":"------------------------------------","timestamp":"2025-02-14T20:01:49.070Z"}
{"level":"info","message":"Fetching recent token mints...","timestamp":"2025-02-14T20:01:51.118Z"}
{"level":"info","message":"Fetching meme coins from Helius API...","timestamp":"2025-02-14T20:01:51.147Z"}
{"level":"info","message":"Found 10 recent transactions","timestamp":"2025-02-14T20:01:51.540Z"}
{"level":"info","message":"Meme coins fetched successfully","timestamp":"2025-02-14T20:01:51.577Z"}
{"level":"info","message":"Skipping stablecoin: Wrapped SOL (SOL)","timestamp":"2025-02-14T20:01:52.628Z"}
{"level":"info","message":"New Meme Coin Mint Found!","timestamp":"2025-02-14T20:01:53.489Z"}
{"level":"info","message":"Mint Address: 5sgYLXtBcqPuShgKWtvKxhersaJFMdpMEmcMEzKGpump","timestamp":"2025-02-14T20:01:53.490Z"}
{"level":"info","message":"Token Name: MOON LIGHT  (MOON)","timestamp":"2025-02-14T20:01:53.490Z"}
{"level":"info","message":"Total Supply: null","timestamp":"2025-02-14T20:01:53.491Z"}
{"level":"info","message":"------------------------------------","timestamp":"2025-02-14T20:01:53.491Z"}
